<?xml version="1.0" encoding="UTF-8"?>
<testng-results ignored="0" total="1" passed="1" failed="0" skipped="0">
  <reporter-output>
  </reporter-output>
  <suite started-at="2023-10-26T09:33:23 IST" name="Default suite" finished-at="2023-10-26T09:33:33 IST" duration-ms="9614">
    <groups>
    </groups>
    <test started-at="2023-10-26T09:33:23 IST" name="Default test" finished-at="2023-10-26T09:33:33 IST" duration-ms="9614">
      <class name="test_scripts.IncognitoLaunch">
        <test-method signature="test1()[pri:0, instance:test_scripts.IncognitoLaunch@4dbb42b7]" started-at="2023-10-26T09:33:23 IST" name="test1" finished-at="2023-10-26T09:33:33 IST" duration-ms="9503" status="PASS">
          <reporter-output>
          </reporter-output>
        </test-method> <!-- test1 -->
      </class> <!-- test_scripts.IncognitoLaunch -->
    </test> <!-- Default test -->
  </suite> <!-- Default suite -->
</testng-results>
